Operating on: 11155420 - Optimism Sepolia

Config - REWARD_RECIPIENT not provided, setting swap recipient to relayer address: 0x06003274c3a7926c04cA8d6903cc691fE8f3CEC2
Config - MIN_PROFIT_THRESHOLD_USD: 0.05

Starting ...
Getting prize pool info ...
Getting prize context ...

******************
1. Prize token: WETH

┌────────────┬──────────────────────────────────────────────┬──────────┬─────────────────┬────────┬──────────────┐
│ (index)    │ address                                      │ decimals │ name            │ symbol │ assetRateUsd │
├────────────┼──────────────────────────────────────────────┼──────────┼─────────────────┼────────┼──────────────┤
│ prizeToken │ '0x4a61B6f54157840E80e0C47f1A628C0B3744a739' │ 18       │ 'Wrapped Ether' │ 'WETH' │ 3143.5613    │
└────────────┴──────────────────────────────────────────────┴──────────┴─────────────────┴────────┴──────────────┘
┌─────────┬──────────┬──────────────────────────────┐
│ (index) │ numTiers │ tiersRangeArray              │
├─────────┼──────────┼──────────────────────────────┤
│ tiers   │ 4        │ [ 0, 1, 2, ... 1 more item ] │
└─────────┴──────────┴──────────────────────────────┘
Draw ID: 43
Prize Token WETH MarketRate USD:  $3143.5613

******************
Getting prize vaults ...
Found 12 prize vaults.


Could not find winners for prize vault: 0x02dda5914b78f0751fdf5bbe2050efabd95dff46 (results not yet computed for new draw with id #43?)
https://raw.githubusercontent.com/GenerationSoftware/pt-v5-winners-testnet/main/winners/vaultAccounts/11155420/0x122feca66c2b1ba8fa9c39e88152592a5496bc99/draw/43/0x02dda5914b78f0751fdf5bbe2050efabd95dff46.json

Error: Not Found
    at fetchClaims (/home/runner/work/pt-v5-prize-claimer-gh-action-bot--testnet/pt-v5-prize-claimer-gh-action-bot--testnet/node_modules/@generationsoftware/pt-v5-autotasks-library/src/prizeClaimer.ts:784:15)
    at process.processTicksAndRejections (node:internal/process/task_queues:95:5)
    at runPrizeClaimer (/home/runner/work/pt-v5-prize-claimer-gh-action-bot--testnet/pt-v5-prize-claimer-gh-action-bot--testnet/node_modules/@generationsoftware/pt-v5-autotasks-library/src/prizeClaimer.ts:139:25)
    at main (/home/runner/work/pt-v5-prize-claimer-gh-action-bot--testnet/pt-v5-prize-claimer-gh-action-bot--testnet/index.ts:35:5)

Could not find winners for prize vault: 0x120086cd7f71f070568124da474a961237637787 (results not yet computed for new draw with id #43?)
https://raw.githubusercontent.com/GenerationSoftware/pt-v5-winners-testnet/main/winners/vaultAccounts/11155420/0x122feca66c2b1ba8fa9c39e88152592a5496bc99/draw/43/0x120086cd7f71f070568124da474a961237637787.json

Error: Not Found
    at fetchClaims (/home/runner/work/pt-v5-prize-claimer-gh-action-bot--testnet/pt-v5-prize-claimer-gh-action-bot--testnet/node_modules/@generationsoftware/pt-v5-autotasks-library/src/prizeClaimer.ts:784:15)
    at process.processTicksAndRejections (node:internal/process/task_queues:95:5)
    at runPrizeClaimer (/home/runner/work/pt-v5-prize-claimer-gh-action-bot--testnet/pt-v5-prize-claimer-gh-action-bot--testnet/node_modules/@generationsoftware/pt-v5-autotasks-library/src/prizeClaimer.ts:139:25)
    at main (/home/runner/work/pt-v5-prize-claimer-gh-action-bot--testnet/pt-v5-prize-claimer-gh-action-bot--testnet/index.ts:35:5)

Could not find winners for prize vault: 0x3109641a832559dedf13f38541f4aedaa76e66bc (results not yet computed for new draw with id #43?)
https://raw.githubusercontent.com/GenerationSoftware/pt-v5-winners-testnet/main/winners/vaultAccounts/11155420/0x122feca66c2b1ba8fa9c39e88152592a5496bc99/draw/43/0x3109641a832559dedf13f38541f4aedaa76e66bc.json

Error: Not Found
    at fetchClaims (/home/runner/work/pt-v5-prize-claimer-gh-action-bot--testnet/pt-v5-prize-claimer-gh-action-bot--testnet/node_modules/@generationsoftware/pt-v5-autotasks-library/src/prizeClaimer.ts:784:15)
    at process.processTicksAndRejections (node:internal/process/task_queues:95:5)
    at runPrizeClaimer (/home/runner/work/pt-v5-prize-claimer-gh-action-bot--testnet/pt-v5-prize-claimer-gh-action-bot--testnet/node_modules/@generationsoftware/pt-v5-autotasks-library/src/prizeClaimer.ts:139:25)
    at main (/home/runner/work/pt-v5-prize-claimer-gh-action-bot--testnet/pt-v5-prize-claimer-gh-action-bot--testnet/index.ts:35:5)

Could not find winners for prize vault: 0x95849a4c2e58f4f8bf868adef10b05747a24ee71 (results not yet computed for new draw with id #43?)
https://raw.githubusercontent.com/GenerationSoftware/pt-v5-winners-testnet/main/winners/vaultAccounts/11155420/0x122feca66c2b1ba8fa9c39e88152592a5496bc99/draw/43/0x95849a4c2e58f4f8bf868adef10b05747a24ee71.json

Error: Not Found
    at fetchClaims (/home/runner/work/pt-v5-prize-claimer-gh-action-bot--testnet/pt-v5-prize-claimer-gh-action-bot--testnet/node_modules/@generationsoftware/pt-v5-autotasks-library/src/prizeClaimer.ts:784:15)
    at process.processTicksAndRejections (node:internal/process/task_queues:95:5)
    at runPrizeClaimer (/home/runner/work/pt-v5-prize-claimer-gh-action-bot--testnet/pt-v5-prize-claimer-gh-action-bot--testnet/node_modules/@generationsoftware/pt-v5-autotasks-library/src/prizeClaimer.ts:139:25)
    at main (/home/runner/work/pt-v5-prize-claimer-gh-action-bot--testnet/pt-v5-prize-claimer-gh-action-bot--testnet/index.ts:35:5)

Could not find winners for prize vault: 0x9dbdcdd3b0e287ca99ae1dc56065ec95df8b1ab6 (results not yet computed for new draw with id #43?)
https://raw.githubusercontent.com/GenerationSoftware/pt-v5-winners-testnet/main/winners/vaultAccounts/11155420/0x122feca66c2b1ba8fa9c39e88152592a5496bc99/draw/43/0x9dbdcdd3b0e287ca99ae1dc56065ec95df8b1ab6.json

Error: Not Found
    at fetchClaims (/home/runner/work/pt-v5-prize-claimer-gh-action-bot--testnet/pt-v5-prize-claimer-gh-action-bot--testnet/node_modules/@generationsoftware/pt-v5-autotasks-library/src/prizeClaimer.ts:784:15)
    at process.processTicksAndRejections (node:internal/process/task_queues:95:5)
    at runPrizeClaimer (/home/runner/work/pt-v5-prize-claimer-gh-action-bot--testnet/pt-v5-prize-claimer-gh-action-bot--testnet/node_modules/@generationsoftware/pt-v5-autotasks-library/src/prizeClaimer.ts:139:25)
    at main (/home/runner/work/pt-v5-prize-claimer-gh-action-bot--testnet/pt-v5-prize-claimer-gh-action-bot--testnet/index.ts:35:5)

Could not find winners for prize vault: 0x9f8e2cc791b1c26760a9f353a631db8036bf6bb7 (results not yet computed for new draw with id #43?)
https://raw.githubusercontent.com/GenerationSoftware/pt-v5-winners-testnet/main/winners/vaultAccounts/11155420/0x122feca66c2b1ba8fa9c39e88152592a5496bc99/draw/43/0x9f8e2cc791b1c26760a9f353a631db8036bf6bb7.json

Error: Not Found
    at fetchClaims (/home/runner/work/pt-v5-prize-claimer-gh-action-bot--testnet/pt-v5-prize-claimer-gh-action-bot--testnet/node_modules/@generationsoftware/pt-v5-autotasks-library/src/prizeClaimer.ts:784:15)
    at process.processTicksAndRejections (node:internal/process/task_queues:95:5)
    at runPrizeClaimer (/home/runner/work/pt-v5-prize-claimer-gh-action-bot--testnet/pt-v5-prize-claimer-gh-action-bot--testnet/node_modules/@generationsoftware/pt-v5-autotasks-library/src/prizeClaimer.ts:139:25)
    at main (/home/runner/work/pt-v5-prize-claimer-gh-action-bot--testnet/pt-v5-prize-claimer-gh-action-bot--testnet/index.ts:35:5)

Could not find winners for prize vault: 0xcc255d71c57a5d5f92183a66b7fc5589151adcd0 (results not yet computed for new draw with id #43?)
https://raw.githubusercontent.com/GenerationSoftware/pt-v5-winners-testnet/main/winners/vaultAccounts/11155420/0x122feca66c2b1ba8fa9c39e88152592a5496bc99/draw/43/0xcc255d71c57a5d5f92183a66b7fc5589151adcd0.json

Error: Not Found
    at fetchClaims (/home/runner/work/pt-v5-prize-claimer-gh-action-bot--testnet/pt-v5-prize-claimer-gh-action-bot--testnet/node_modules/@generationsoftware/pt-v5-autotasks-library/src/prizeClaimer.ts:784:15)
    at process.processTicksAndRejections (node:internal/process/task_queues:95:5)
    at runPrizeClaimer (/home/runner/work/pt-v5-prize-claimer-gh-action-bot--testnet/pt-v5-prize-claimer-gh-action-bot--testnet/node_modules/@generationsoftware/pt-v5-autotasks-library/src/prizeClaimer.ts:139:25)
    at main (/home/runner/work/pt-v5-prize-claimer-gh-action-bot--testnet/pt-v5-prize-claimer-gh-action-bot--testnet/index.ts:35:5)

Could not find winners for prize vault: 0xe039683d5f9717d6f74d252722546cfedab32250 (results not yet computed for new draw with id #43?)
https://raw.githubusercontent.com/GenerationSoftware/pt-v5-winners-testnet/main/winners/vaultAccounts/11155420/0x122feca66c2b1ba8fa9c39e88152592a5496bc99/draw/43/0xe039683d5f9717d6f74d252722546cfedab32250.json

Error: Not Found
    at fetchClaims (/home/runner/work/pt-v5-prize-claimer-gh-action-bot--testnet/pt-v5-prize-claimer-gh-action-bot--testnet/node_modules/@generationsoftware/pt-v5-autotasks-library/src/prizeClaimer.ts:784:15)
    at process.processTicksAndRejections (node:internal/process/task_queues:95:5)
    at runPrizeClaimer (/home/runner/work/pt-v5-prize-claimer-gh-action-bot--testnet/pt-v5-prize-claimer-gh-action-bot--testnet/node_modules/@generationsoftware/pt-v5-autotasks-library/src/prizeClaimer.ts:139:25)
    at main (/home/runner/work/pt-v5-prize-claimer-gh-action-bot--testnet/pt-v5-prize-claimer-gh-action-bot--testnet/index.ts:35:5)

Could not find winners for prize vault: 0xe1498d24a398b588b5e3f2c5d230991304203ad9 (results not yet computed for new draw with id #43?)
https://raw.githubusercontent.com/GenerationSoftware/pt-v5-winners-testnet/main/winners/vaultAccounts/11155420/0x122feca66c2b1ba8fa9c39e88152592a5496bc99/draw/43/0xe1498d24a398b588b5e3f2c5d230991304203ad9.json

Error: Not Found
    at fetchClaims (/home/runner/work/pt-v5-prize-claimer-gh-action-bot--testnet/pt-v5-prize-claimer-gh-action-bot--testnet/node_modules/@generationsoftware/pt-v5-autotasks-library/src/prizeClaimer.ts:784:15)
    at process.processTicksAndRejections (node:internal/process/task_queues:95:5)
    at runPrizeClaimer (/home/runner/work/pt-v5-prize-claimer-gh-action-bot--testnet/pt-v5-prize-claimer-gh-action-bot--testnet/node_modules/@generationsoftware/pt-v5-autotasks-library/src/prizeClaimer.ts:139:25)
    at main (/home/runner/work/pt-v5-prize-claimer-gh-action-bot--testnet/pt-v5-prize-claimer-gh-action-bot--testnet/index.ts:35:5)

Could not find winners for prize vault: 0xea263e265d4a580bc9b8e7fc61c1f79c4893ac18 (results not yet computed for new draw with id #43?)
https://raw.githubusercontent.com/GenerationSoftware/pt-v5-winners-testnet/main/winners/vaultAccounts/11155420/0x122feca66c2b1ba8fa9c39e88152592a5496bc99/draw/43/0xea263e265d4a580bc9b8e7fc61c1f79c4893ac18.json

Error: Not Found
    at fetchClaims (/home/runner/work/pt-v5-prize-claimer-gh-action-bot--testnet/pt-v5-prize-claimer-gh-action-bot--testnet/node_modules/@generationsoftware/pt-v5-autotasks-library/src/prizeClaimer.ts:784:15)
    at process.processTicksAndRejections (node:internal/process/task_queues:95:5)
    at runPrizeClaimer (/home/runner/work/pt-v5-prize-claimer-gh-action-bot--testnet/pt-v5-prize-claimer-gh-action-bot--testnet/node_modules/@generationsoftware/pt-v5-autotasks-library/src/prizeClaimer.ts:139:25)
    at main (/home/runner/work/pt-v5-prize-claimer-gh-action-bot--testnet/pt-v5-prize-claimer-gh-action-bot--testnet/index.ts:35:5)

Could not find winners for prize vault: 0xed2f166ad10b247f67c3fce7a4c8e0c5e54247ea (results not yet computed for new draw with id #43?)
https://raw.githubusercontent.com/GenerationSoftware/pt-v5-winners-testnet/main/winners/vaultAccounts/11155420/0x122feca66c2b1ba8fa9c39e88152592a5496bc99/draw/43/0xed2f166ad10b247f67c3fce7a4c8e0c5e54247ea.json

Error: Not Found
    at fetchClaims (/home/runner/work/pt-v5-prize-claimer-gh-action-bot--testnet/pt-v5-prize-claimer-gh-action-bot--testnet/node_modules/@generationsoftware/pt-v5-autotasks-library/src/prizeClaimer.ts:784:15)
    at process.processTicksAndRejections (node:internal/process/task_queues:95:5)
    at runPrizeClaimer (/home/runner/work/pt-v5-prize-claimer-gh-action-bot--testnet/pt-v5-prize-claimer-gh-action-bot--testnet/node_modules/@generationsoftware/pt-v5-autotasks-library/src/prizeClaimer.ts:139:25)
    at main (/home/runner/work/pt-v5-prize-claimer-gh-action-bot--testnet/pt-v5-prize-claimer-gh-action-bot--testnet/index.ts:35:5)

Could not find winners for prize vault: 0xfb00767f3b66641e333dfd1dc48c1ce2e30ad84d (results not yet computed for new draw with id #43?)
https://raw.githubusercontent.com/GenerationSoftware/pt-v5-winners-testnet/main/winners/vaultAccounts/11155420/0x122feca66c2b1ba8fa9c39e88152592a5496bc99/draw/43/0xfb00767f3b66641e333dfd1dc48c1ce2e30ad84d.json

Error: Not Found
    at fetchClaims (/home/runner/work/pt-v5-prize-claimer-gh-action-bot--testnet/pt-v5-prize-claimer-gh-action-bot--testnet/node_modules/@generationsoftware/pt-v5-autotasks-library/src/prizeClaimer.ts:784:15)
    at process.processTicksAndRejections (node:internal/process/task_queues:95:5)
    at runPrizeClaimer (/home/runner/work/pt-v5-prize-claimer-gh-action-bot--testnet/pt-v5-prize-claimer-gh-action-bot--testnet/node_modules/@generationsoftware/pt-v5-autotasks-library/src/prizeClaimer.ts:139:25)
    at main (/home/runner/work/pt-v5-prize-claimer-gh-action-bot--testnet/pt-v5-prize-claimer-gh-action-bot--testnet/index.ts:35:5)
No claimed prizes for draw #43.
0 prizes remaining to be claimed...

******************
No prizes left to claim. Exiting ...
